# JRE version: OpenJDK Runtime Environment (11.0.10) (build 11.0.10+0-b96-7249189)
# Java VM: OpenJDK 64-Bit Server VM (11.0.10+0-b96-7249189, mixed mode, tiered, compressed oops, g1 gc, windows-amd64)
Heap:
 garbage-first heap   total 262144K, used 192183K [0x00000000c0000000, 0x0000000100000000)
  region size 1024K, 81 young (82944K), 7 survivors (7168K)
 Metaspace       used 114429K, capacity 117673K, committed 117964K, reserved 1150976K
  class space    used 14213K, capacity 15435K, committed 15564K, reserved 1048576K
GC Heap History (20 events):
Event: 33.229 GC heap before
{Heap before GC invocations=50 (full 0):
 garbage-first heap   total 194560K, used 156027K [0x00000000c0000000, 0x0000000100000000)
  region size 1024K, 24 young (24576K), 2 survivors (2048K)
 Metaspace       used 112366K, capacity 115526K, committed 116044K, reserved 1150976K
  class space    used 14084K, capacity 15260K, committed 15436K, reserved 1048576K
}
Event: 33.237 GC heap after
{Heap after GC invocations=51 (full 0):
 garbage-first heap   total 194560K, used 134903K [0x00000000c0000000, 0x0000000100000000)
  region size 1024K, 3 young (3072K), 3 survivors (3072K)
 Metaspace       used 112366K, capacity 115526K, committed 116044K, reserved 1150976K
  class space    used 14084K, capacity 15260K, committed 15436K, reserved 1048576K
}
Event: 33.308 GC heap before
{Heap before GC invocations=51 (full 0):
 garbage-first heap   total 194560K, used 141047K [0x00000000c0000000, 0x0000000100000000)
  region size 1024K, 9 young (9216K), 3 survivors (3072K)
 Metaspace       used 112711K, capacity 115891K, committed 116044K, reserved 1150976K
  class space    used 14095K, capacity 15294K, committed 15436K, reserved 1048576K
}
Event: 33.312 GC heap after
{Heap after GC invocations=52 (full 0):
 garbage-first heap   total 194560K, used 116259K [0x00000000c0000000, 0x0000000100000000)
  region size 1024K, 1 young (1024K), 1 survivors (1024K)
 Metaspace       used 112711K, capacity 115891K, committed 116044K, reserved 1150976K
  class space    used 14095K, capacity 15294K, committed 15436K, reserved 1048576K
}
Event: 33.360 GC heap before
{Heap before GC invocations=52 (full 0):
 garbage-first heap   total 194560K, used 124451K [0x00000000c0000000, 0x0000000100000000)
  region size 1024K, 10 young (10240K), 1 survivors (1024K)
 Metaspace       used 112769K, capacity 115918K, committed 116300K, reserved 1150976K
  class space    used 14096K, capacity 15294K, committed 15436K, reserved 1048576K
}
Event: 33.366 GC heap after
{Heap after GC invocations=53 (full 0):
 garbage-first heap   total 194560K, used 104058K [0x00000000c0000000, 0x0000000100000000)
  region size 1024K, 2 young (2048K), 2 survivors (2048K)
 Metaspace       used 112769K, capacity 115918K, committed 116300K, reserved 1150976K
  class space    used 14096K, capacity 15294K, committed 15436K, reserved 1048576K
}
Event: 33.478 GC heap before
{Heap before GC invocations=53 (full 0):
 garbage-first heap   total 194560K, used 140922K [0x00000000c0000000, 0x0000000100000000)
  region size 1024K, 38 young (38912K), 2 survivors (2048K)
 Metaspace       used 112856K, capacity 115991K, committed 116300K, reserved 1150976K
  class space    used 14098K, capacity 15296K, committed 15436K, reserved 1048576K
}
Event: 33.485 GC heap after
{Heap after GC invocations=54 (full 0):
 garbage-first heap   total 194560K, used 108355K [0x00000000c0000000, 0x0000000100000000)
  region size 1024K, 5 young (5120K), 5 survivors (5120K)
 Metaspace       used 112856K, capacity 115991K, committed 116300K, reserved 1150976K
  class space    used 14098K, capacity 15296K, committed 15436K, reserved 1048576K
}
Event: 33.610 GC heap before
{Heap before GC invocations=54 (full 0):
 garbage-first heap   total 194560K, used 145219K [0x00000000c0000000, 0x0000000100000000)
  region size 1024K, 42 young (43008K), 5 survivors (5120K)
 Metaspace       used 113183K, capacity 116346K, committed 116556K, reserved 1150976K
  class space    used 14146K, capacity 15350K, committed 15436K, reserved 1048576K
}
Event: 33.619 GC heap after
{Heap after GC invocations=55 (full 0):
 garbage-first heap   total 229376K, used 111239K [0x00000000c0000000, 0x0000000100000000)
  region size 1024K, 4 young (4096K), 4 survivors (4096K)
 Metaspace       used 113183K, capacity 116346K, committed 116556K, reserved 1150976K
  class space    used 14146K, capacity 15350K, committed 15436K, reserved 1048576K
}
Event: 33.793 GC heap before
{Heap before GC invocations=55 (full 0):
 garbage-first heap   total 229376K, used 160391K [0x00000000c0000000, 0x0000000100000000)
  region size 1024K, 53 young (54272K), 4 survivors (4096K)
 Metaspace       used 113296K, capacity 116488K, committed 116812K, reserved 1150976K
  class space    used 14149K, capacity 15354K, committed 15436K, reserved 1048576K
}
Event: 33.797 GC heap after
{Heap after GC invocations=56 (full 0):
 garbage-first heap   total 229376K, used 111852K [0x00000000c0000000, 0x0000000100000000)
  region size 1024K, 4 young (4096K), 4 survivors (4096K)
 Metaspace       used 113296K, capacity 116488K, committed 116812K, reserved 1150976K
  class space    used 14149K, capacity 15354K, committed 15436K, reserved 1048576K
}
Event: 33.986 GC heap before
{Heap before GC invocations=56 (full 0):
 garbage-first heap   total 229376K, used 166124K [0x00000000c0000000, 0x0000000100000000)
  region size 1024K, 57 young (58368K), 4 survivors (4096K)
 Metaspace       used 113654K, capacity 116820K, committed 117068K, reserved 1150976K
  class space    used 14149K, capacity 15354K, committed 15436K, reserved 1048576K
}
Event: 33.991 GC heap after
{Heap after GC invocations=57 (full 0):
 garbage-first heap   total 229376K, used 113032K [0x00000000c0000000, 0x0000000100000000)
  region size 1024K, 5 young (5120K), 5 survivors (5120K)
 Metaspace       used 113654K, capacity 116820K, committed 117068K, reserved 1150976K
  class space    used 14149K, capacity 15354K, committed 15436K, reserved 1048576K
}
Event: 34.119 GC heap before
{Heap before GC invocations=57 (full 0):
 garbage-first heap   total 229376K, used 170376K [0x00000000c0000000, 0x0000000100000000)
  region size 1024K, 61 young (62464K), 5 survivors (5120K)
 Metaspace       used 113851K, capacity 117031K, committed 117324K, reserved 1150976K
  class space    used 14153K, capacity 15358K, committed 15436K, reserved 1048576K
}
Event: 34.125 GC heap after
{Heap after GC invocations=58 (full 0):
 garbage-first heap   total 229376K, used 114256K [0x00000000c0000000, 0x0000000100000000)
  region size 1024K, 5 young (5120K), 5 survivors (5120K)
 Metaspace       used 113851K, capacity 117031K, committed 117324K, reserved 1150976K
  class space    used 14153K, capacity 15358K, committed 15436K, reserved 1048576K
}
Event: 34.274 GC heap before
{Heap before GC invocations=58 (full 0):
 garbage-first heap   total 229376K, used 175696K [0x00000000c0000000, 0x0000000100000000)
  region size 1024K, 63 young (64512K), 5 survivors (5120K)
 Metaspace       used 114223K, capacity 117448K, committed 117708K, reserved 1150976K
  class space    used 14204K, capacity 15430K, committed 15564K, reserved 1048576K
}
Event: 34.281 GC heap after
{Heap after GC invocations=59 (full 0):
 garbage-first heap   total 262144K, used 116498K [0x00000000c0000000, 0x0000000100000000)
  region size 1024K, 7 young (7168K), 7 survivors (7168K)
 Metaspace       used 114223K, capacity 117448K, committed 117708K, reserved 1150976K
  class space    used 14204K, capacity 15430K, committed 15564K, reserved 1048576K
}
Event: 34.485 GC heap before
{Heap before GC invocations=59 (full 0):
 garbage-first heap   total 262144K, used 191250K [0x00000000c0000000, 0x0000000100000000)
  region size 1024K, 81 young (82944K), 7 survivors (7168K)
 Metaspace       used 114398K, capacity 117608K, committed 117964K, reserved 1150976K
  class space    used 14213K, capacity 15435K, committed 15564K, reserved 1048576K
}
Event: 34.491 GC heap after
{Heap after GC invocations=60 (full 0):
 garbage-first heap   total 262144K, used 118455K [0x00000000c0000000, 0x0000000100000000)
  region size 1024K, 7 young (7168K), 7 survivors (7168K)
 Metaspace       used 114398K, capacity 117608K, committed 117964K, reserved 1150976K
  class space    used 14213K, capacity 15435K, committed 15564K, reserved 1048576K
}

